<?xml version="1.0" encoding="UTF-8"?><testsuite errors="1" failures="0" name="Make a query for banks in the Yellow Pages Web and verify the list of the first 10 banks" skipped="0" tests="1" time="90.56" timestamp="2021-07-22 10:06:39"><testcase name="Banks"><error message="10" type="java.lang.ArrayIndexOutOfBoundsException">10</error><system-err>10&#13;
co.com.choucair.formacion.proyectoNueve.tasks.See.Comprobar(See.java:98)&#13;
co.com.choucair.formacion.proyectoNueve.tasks.See.performAs(See.java:63)&#13;
co.com.choucair.formacion.proyectoNueve.stepdefinitions.ProyectoNueveStepDefinitions.theInformationOfTheseIsDisplayed(ProyectoNueveStepDefinitions.java:33)&#13;
✽.The information of these is displayed(src/test/resources/features/proyectoNueve.feature:11)&#13;
</system-err></testcase></testsuite>